<?xml version="1.0" encoding="UTF-8"?>
<!-- Generated by org.testng.reporters.JUnitReportReporter -->
<testsuite skipped="0" hostname="customer-187-217-219-195.uninet-ide.com.mx" name="MavenProject.PageObjectPattern.loginTest" tests="1" failures="0" timestamp="29 nov 2017 22:23:50 GMT" time="15.144" errors="0">
  <testcase name="login" time="15.144" classname="MavenProject.PageObjectPattern.loginTest"/>
</testsuite> <!-- MavenProject.PageObjectPattern.loginTest -->
